25/12/2022, 15:27:07 - INFO - Server is running on port: 3030 
25/12/2022, 17:14:22 - INFO - Server is running on port: 3030 
25/12/2022, 17:19:10 - INFO - Server is running on port: 3030 
25/12/2022, 17:21:48 - INFO - Server is running on port: 3030 
25/12/2022, 17:39:18 - INFO - Server is running on port: 3030 
25/12/2022, 17:53:59 - INFO - Server is running on port: 3030 
25/12/2022, 17:57:03 - INFO - Server is running on port: 3030 
25/12/2022, 17:57:11 - ERROR - cannot insert user | ReferenceError: userToAdd is not defined (sid: sEDAboqObN3gX5ifxhaQtVhe58uLpe2B)
25/12/2022, 17:57:11 - ERROR - Failed to update user | ReferenceError: userToAdd is not defined (sid: sEDAboqObN3gX5ifxhaQtVhe58uLpe2B)
25/12/2022, 17:58:20 - INFO - Server is running on port: 3030 
25/12/2022, 18:00:04 - INFO - Server is running on port: 3030 
25/12/2022, 18:00:12 - ERROR - cannot insert user | ReferenceError: userToAdd is not defined (sid: NTvtXm3-Z_IxfbBOTN5G2UVnkRNAaK6W)
25/12/2022, 18:00:12 - ERROR - Failed to update user | ReferenceError: userToAdd is not defined (sid: NTvtXm3-Z_IxfbBOTN5G2UVnkRNAaK6W)
25/12/2022, 18:01:03 - INFO - Server is running on port: 3030 
26/12/2022, 12:45:24 - INFO - Server is running on port: 3030 
26/12/2022, 13:01:28 - INFO - Server is running on port: 3030 
31/01/2023, 12:59:59 - INFO - Server is running on port: 3030 
31/01/2023, 17:00:26 - INFO - Server is running on port: 3030 
02/02/2023, 12:26:38 - INFO - Server is running on port: 3030 
02/02/2023, 12:28:52 - INFO - Server is running on port: 3030 
02/02/2023, 12:33:25 - INFO - Server is running on port: 3030 
07/02/2023, 14:26:44 - INFO - Server is running on port: 3030 
07/02/2023, 17:00:04 - INFO - Server is running on port: 3030 
07/02/2023, 17:00:42 - ERROR - cannot find users | ReferenceError: logger is not defined (sid: 6IQAJmmYtoUIeYEwz1O3LSpHqrvkHDtI)
07/02/2023, 17:00:42 - ERROR - Failed to get beaches | ReferenceError: logger is not defined (sid: 6IQAJmmYtoUIeYEwz1O3LSpHqrvkHDtI)
08/02/2023, 14:02:33 - INFO - Server is running on port: 3030 
09/03/2023, 18:07:05 - INFO - Server is running on port: 3030 
